<?xml version="1.0" encoding="UTF-8"?>
<testsuites name="jest tests" tests="1" failures="0" errors="0" time="6.147">
  <testsuite name="Note API Integration Tests" errors="0" failures="0" skipped="0" timestamp="2024-08-29T04:08:16" time="5.868" tests="1">
    <testcase classname="Note API Integration Tests should add a new note and then delete it" name="Note API Integration Tests should add a new note and then delete it" time="4.912">
    </testcase>
  </testsuite>
</testsuites>